2020-05-12 09:01:33.345  INFO 14692 --- [restartedMain] c.s.E.ElevatorApplication                : Starting ElevatorApplication on DESKTOP-MMJ0C0M with PID 14692 (H:\workspace\Elevator example\Elevator\Elevator\target\classes started by HP in H:\workspace\Elevator example\Elevator\Elevator)
2020-05-12 09:01:33.360  INFO 14692 --- [restartedMain] c.s.E.ElevatorApplication                : No active profile set, falling back to default profiles: default
2020-05-12 09:01:33.416  INFO 14692 --- [restartedMain] .e.DevToolsPropertyDefaultsPostProcessor : Devtools property defaults active! Set 'spring.devtools.add-properties' to 'false' to disable
2020-05-12 09:01:33.417  INFO 14692 --- [restartedMain] .e.DevToolsPropertyDefaultsPostProcessor : For additional web related logging consider setting the 'logging.level.web' property to 'DEBUG'
2020-05-12 09:01:34.539  INFO 14692 --- [restartedMain] o.s.b.w.e.t.TomcatWebServer              : Tomcat initialized with port(s): 8090 (http)
2020-05-12 09:01:34.554  INFO 14692 --- [restartedMain] o.a.c.c.StandardService                  : Starting service [Tomcat]
2020-05-12 09:01:34.554  INFO 14692 --- [restartedMain] o.a.c.c.StandardEngine                   : Starting Servlet engine: [Apache Tomcat/9.0.34]
2020-05-12 09:01:34.652  INFO 14692 --- [restartedMain] o.a.c.c.C.[.[.[/]                        : Initializing Spring embedded WebApplicationContext
2020-05-12 09:01:34.652  INFO 14692 --- [restartedMain] o.s.w.c.ContextLoader                    : Root WebApplicationContext: initialization completed in 1234 ms
2020-05-12 09:01:34.773  INFO 14692 --- [restartedMain] o.s.s.c.ThreadPoolTaskExecutor           : Initializing ExecutorService 'clientInboundChannelExecutor'
2020-05-12 09:01:34.777  INFO 14692 --- [restartedMain] o.s.s.c.ThreadPoolTaskExecutor           : Initializing ExecutorService 'clientOutboundChannelExecutor'
2020-05-12 09:01:34.786  INFO 14692 --- [restartedMain] o.s.s.c.ThreadPoolTaskScheduler          : Initializing ExecutorService 'messageBrokerTaskScheduler'
2020-05-12 09:01:34.851  INFO 14692 --- [restartedMain] o.s.s.c.ThreadPoolTaskExecutor           : Initializing ExecutorService 'brokerChannelExecutor'
2020-05-12 09:01:35.117  WARN 14692 --- [restartedMain] o.s.b.d.a.OptionalLiveReloadServer       : Unable to start LiveReload server
2020-05-12 09:01:35.133  INFO 14692 --- [restartedMain] o.s.m.s.b.SimpleBrokerMessageHandler     : Starting...
2020-05-12 09:01:35.133  INFO 14692 --- [restartedMain] o.s.m.s.b.SimpleBrokerMessageHandler     : BrokerAvailabilityEvent[available=true, SimpleBrokerMessageHandler [DefaultSubscriptionRegistry[cache[0 destination(s)], registry[0 sessions]]]]
2020-05-12 09:01:35.136  INFO 14692 --- [restartedMain] o.s.m.s.b.SimpleBrokerMessageHandler     : Started.
2020-05-12 09:01:35.285  INFO 14692 --- [restartedMain] o.s.b.w.e.t.TomcatWebServer              : Tomcat started on port(s): 8090 (http) with context path ''
2020-05-12 09:01:35.287  INFO 14692 --- [restartedMain] c.s.E.ElevatorApplication                : Started ElevatorApplication in 2.565 seconds (JVM running for 4.82)
2020-05-12 09:01:50.549  INFO 14692 --- [http-nio-8090-exec-2] o.a.c.c.C.[.[.[/]                        : Initializing Spring DispatcherServlet 'dispatcherServlet'
2020-05-12 09:01:50.550  INFO 14692 --- [http-nio-8090-exec-2] o.s.w.s.DispatcherServlet                : Initializing Servlet 'dispatcherServlet'
2020-05-12 09:01:50.557  INFO 14692 --- [http-nio-8090-exec-2] o.s.w.s.DispatcherServlet                : Completed initialization in 7 ms
2020-05-12 09:01:50.597  INFO 14692 --- [http-nio-8090-exec-2] c.s.E.c.MainController                   : From Floor 5 to 9
2020-05-12 09:01:50.604  INFO 14692 --- [http-nio-8090-exec-2] c.s.E.c.MainController                   : From Floor 5 to 9stateTO_PICKUP
2020-05-12 09:02:27.857  INFO 18404 --- [restartedMain] c.s.E.ElevatorApplication                : Starting ElevatorApplication on DESKTOP-MMJ0C0M with PID 18404 (H:\workspace\Elevator example\Elevator\Elevator\target\classes started by HP in H:\workspace\Elevator example\Elevator\Elevator)
2020-05-12 09:02:27.885  INFO 18404 --- [restartedMain] c.s.E.ElevatorApplication                : No active profile set, falling back to default profiles: default
2020-05-12 09:02:28.136  INFO 18404 --- [restartedMain] .e.DevToolsPropertyDefaultsPostProcessor : Devtools property defaults active! Set 'spring.devtools.add-properties' to 'false' to disable
2020-05-12 09:02:28.137  INFO 18404 --- [restartedMain] .e.DevToolsPropertyDefaultsPostProcessor : For additional web related logging consider setting the 'logging.level.web' property to 'DEBUG'
2020-05-12 09:02:29.313  INFO 18404 --- [restartedMain] o.s.b.w.e.t.TomcatWebServer              : Tomcat initialized with port(s): 8090 (http)
2020-05-12 09:02:29.330  INFO 18404 --- [restartedMain] o.a.c.c.StandardService                  : Starting service [Tomcat]
2020-05-12 09:02:29.331  INFO 18404 --- [restartedMain] o.a.c.c.StandardEngine                   : Starting Servlet engine: [Apache Tomcat/9.0.34]
2020-05-12 09:02:29.415  INFO 18404 --- [restartedMain] o.a.c.c.C.[.[.[/]                        : Initializing Spring embedded WebApplicationContext
2020-05-12 09:02:29.415  INFO 18404 --- [restartedMain] o.s.w.c.ContextLoader                    : Root WebApplicationContext: initialization completed in 1278 ms
2020-05-12 09:02:29.519  INFO 18404 --- [restartedMain] o.s.s.c.ThreadPoolTaskExecutor           : Initializing ExecutorService 'clientInboundChannelExecutor'
2020-05-12 09:02:29.524  INFO 18404 --- [restartedMain] o.s.s.c.ThreadPoolTaskExecutor           : Initializing ExecutorService 'clientOutboundChannelExecutor'
2020-05-12 09:02:29.540  INFO 18404 --- [restartedMain] o.s.s.c.ThreadPoolTaskScheduler          : Initializing ExecutorService 'messageBrokerTaskScheduler'
2020-05-12 09:02:29.569  INFO 18404 --- [restartedMain] o.s.s.c.ThreadPoolTaskExecutor           : Initializing ExecutorService 'brokerChannelExecutor'
2020-05-12 09:02:29.888  WARN 18404 --- [restartedMain] o.s.b.d.a.OptionalLiveReloadServer       : Unable to start LiveReload server
2020-05-12 09:02:29.888  INFO 18404 --- [restartedMain] o.s.m.s.b.SimpleBrokerMessageHandler     : Starting...
2020-05-12 09:02:29.888  INFO 18404 --- [restartedMain] o.s.m.s.b.SimpleBrokerMessageHandler     : BrokerAvailabilityEvent[available=true, SimpleBrokerMessageHandler [DefaultSubscriptionRegistry[cache[0 destination(s)], registry[0 sessions]]]]
2020-05-12 09:02:29.888  INFO 18404 --- [restartedMain] o.s.m.s.b.SimpleBrokerMessageHandler     : Started.
2020-05-12 09:02:29.925  INFO 18404 --- [restartedMain] o.s.b.w.e.t.TomcatWebServer              : Tomcat started on port(s): 8090 (http) with context path ''
2020-05-12 09:02:29.928  INFO 18404 --- [restartedMain] c.s.E.ElevatorApplication                : Started ElevatorApplication in 2.922 seconds (JVM running for 4.862)
2020-05-12 09:02:35.626  INFO 18404 --- [http-nio-8090-exec-1] o.a.c.c.C.[.[.[/]                        : Initializing Spring DispatcherServlet 'dispatcherServlet'
2020-05-12 09:02:35.626  INFO 18404 --- [http-nio-8090-exec-1] o.s.w.s.DispatcherServlet                : Initializing Servlet 'dispatcherServlet'
2020-05-12 09:02:35.634  INFO 18404 --- [http-nio-8090-exec-1] o.s.w.s.DispatcherServlet                : Completed initialization in 8 ms
2020-05-12 09:02:35.665  INFO 18404 --- [http-nio-8090-exec-1] c.s.E.c.MainController                   : From Floor 5 to 9
2020-05-12 09:02:35.665  INFO 18404 --- [http-nio-8090-exec-1] c.s.E.c.MainController                   : From Floor 5 to 9stateTO_PICKUP
